\BOOKMARK [1][-]{section.1}{\376\377\000I\000n\000t\000r\000o\000d\000u\000c\000t\000i\000o\000n}{}% 1
\BOOKMARK [2][-]{subsection.1.1}{\376\377\000T\000h\000e\000o\000r\000e\000t\000i\000c\000a\000l\000\040\000U\000n\000d\000e\000r\000s\000t\000a\000n\000d\000i\000n\000g\000\040\000o\000f\000\040\000C\000o\000n\000f\000i\000d\000e\000n\000c\000e}{section.1}% 2
\BOOKMARK [2][-]{subsection.1.2}{\376\377\000U\000n\000m\000a\000s\000k\000i\000n\000g\000\040\000P\000o\000l\000i\000c\000y\000\040\000v\000i\000a\000\040\000L\000i\000k\000e\000l\000i\000h\000o\000o\000d\000\040\000O\000p\000t\000i\000m\000i\000z\000a\000t\000i\000o\000n}{section.1}% 3
\BOOKMARK [1][-]{section.2}{\376\377\000B\000a\000c\000k\000g\000r\000o\000u\000n\000d}{}% 4
\BOOKMARK [2][-]{subsection.2.1}{\376\377\000M\000a\000s\000k\000e\000d\000\040\000D\000i\000f\000f\000u\000s\000i\000o\000n\000\040\000M\000o\000d\000e\000l\000s}{section.2}% 5
\BOOKMARK [2][-]{subsection.2.2}{\376\377\000R\000e\000l\000a\000t\000e\000d\000\040\000W\000o\000r\000k\000s\000\040\000o\000n\000\040\000M\000D\000M\000\040\000I\000n\000f\000e\000r\000e\000n\000c\000e}{section.2}% 6
\BOOKMARK [1][-]{section.3}{\376\377\000U\000n\000m\000a\000s\000k\000i\000n\000g\000\040\000P\000o\000l\000i\000c\000y\000\040\000O\000p\000t\000i\000m\000i\000z\000a\000t\000i\000o\000n}{}% 7
\BOOKMARK [2][-]{subsection.3.1}{\376\377\000T\000i\000m\000e\000-\000D\000i\000s\000c\000r\000e\000t\000i\000z\000e\000d\000\040\000P\000r\000o\000c\000e\000s\000s\000\040\000b\000y\000\040\000U\000n\000m\000a\000s\000k\000i\000n\000g\000\040\000P\000o\000l\000i\000c\000y}{section.3}% 8
\BOOKMARK [2][-]{subsection.3.2}{\376\377\000L\000i\000k\000e\000l\000i\000h\000o\000o\000d\000\040\000O\000p\000t\000i\000m\000i\000z\000a\000t\000i\000o\000n}{section.3}% 9
\BOOKMARK [1][-]{section.4}{\376\377\000O\000p\000t\000i\000m\000a\000l\000i\000t\000y\000\040\000o\000f\000\040\000C\000o\000n\000f\000i\000d\000e\000n\000c\000e\000\040\000H\000e\000u\000r\000i\000s\000t\000i\000c\000s}{}% 10
\BOOKMARK [2][-]{subsection.4.1}{\376\377\000L\000o\000c\000a\000l\000i\000t\000y\000\040\000R\000e\000s\000t\000r\000i\000c\000t\000i\000o\000n}{section.4}% 11
\BOOKMARK [2][-]{subsection.4.2}{\376\377\000D\000e\000r\000i\000v\000i\000n\000g\000\040\000C\000o\000n\000f\000i\000d\000e\000n\000c\000e\000\040\000U\000n\000m\000a\000s\000k\000i\000n\000g}{section.4}% 12
\BOOKMARK [3][-]{subsubsection.4.2.1}{\376\377\000G\000r\000e\000e\000d\000y\000\040\000C\000o\000n\000f\000i\000d\000e\000n\000c\000e\000\040\000U\000n\000m\000a\000s\000k\000i\000n\000g}{subsection.4.2}% 13
\BOOKMARK [3][-]{subsubsection.4.2.2}{\376\377\000R\000a\000n\000d\000o\000m\000i\000z\000e\000d\000\040\000C\000o\000n\000f\000i\000d\000e\000n\000c\000e\000\040\000U\000n\000m\000a\000s\000k\000i\000n\000g}{subsection.4.2}% 14
\BOOKMARK [3][-]{subsubsection.4.2.3}{\376\377\000C\000o\000n\000t\000r\000o\000l\000l\000i\000n\000g\000\040\000S\000u\000b\000-\000O\000p\000t\000i\000m\000a\000l\000i\000t\000y\000\040\000G\000a\000p\000\040\000u\000n\000d\000e\000r\000\040\000D\000i\000s\000t\000r\000i\000b\000u\000t\000i\000o\000n\000\040\000S\000h\000i\000f\000t}{subsection.4.2}% 15
\BOOKMARK [1][-]{section.5}{\376\377\000B\000u\000i\000l\000d\000i\000n\000g\000\040\000T\000r\000a\000i\000n\000a\000b\000l\000e\000\040\000U\000n\000m\000a\000s\000k\000i\000n\000g\000\040\000P\000o\000l\000i\000c\000y\000\040\000w\000i\000t\000h\000\040\000L\000i\000k\000e\000l\000i\000h\000o\000o\000d\000\040\000P\000r\000i\000n\000c\000i\000p\000l\000e\000s}{}% 16
\BOOKMARK [1][-]{section.6}{\376\377\000E\000x\000p\000e\000r\000i\000m\000e\000n\000t\000s}{}% 17
\BOOKMARK [2][-]{subsection.6.1}{\376\377\000N\000u\000m\000e\000r\000i\000c\000a\000l\000\040\000A\000n\000a\000l\000y\000s\000i\000s\000\040\000o\000n\000\040\000L\000i\000k\000e\000l\000i\000h\000o\000o\000d\000\040\000O\000p\000t\000i\000m\000i\000z\000a\000t\000i\000o\000n}{section.6}% 18
\BOOKMARK [2][-]{subsection.6.2}{\376\377\000E\000v\000a\000l\000u\000a\000t\000i\000o\000n\000\040\000o\000f\000\040\000V\000L\000P}{section.6}% 19
\BOOKMARK [2][-]{subsection.6.3}{\376\377\000A\000b\000l\000a\000t\000i\000o\000n\000\040\000S\000t\000u\000d\000i\000e\000s}{section.6}% 20
\BOOKMARK [1][-]{section.7}{\376\377\000C\000o\000n\000c\000l\000u\000s\000i\000o\000n}{}% 21
\BOOKMARK [1][-]{appendix.A}{\376\377\000A\000d\000d\000i\000t\000i\000o\000n\000a\000l\000\040\000B\000a\000c\000k\000g\000r\000o\000u\000n\000d\000\040\000a\000n\000d\000\040\000P\000r\000e\000l\000i\000m\000i\000n\000a\000r\000i\000e\000s}{}% 22
\BOOKMARK [1][-]{appendix.B}{\376\377\000P\000r\000o\000o\000f\000s}{}% 23
\BOOKMARK [2][-]{subsection.B.1}{\376\377\000P\000r\000e\000p\000a\000r\000a\000t\000i\000o\000n}{appendix.B}% 24
\BOOKMARK [2][-]{subsection.B.2}{\376\377\000P\000r\000o\000o\000f\000\040\000o\000f\000\040\000T\000h\000e\000o\000r\000e\000m\000\040\0004\000.\0001}{appendix.B}% 25
\BOOKMARK [2][-]{subsection.B.3}{\376\377\000W\000o\000r\000k\000e\000d\000\040\000E\000x\000a\000m\000p\000l\000e\000:\000\040\000K\000L\000A\000S\000S\000\040\000a\000s\000\040\000a\000\040\000C\000o\000n\000s\000t\000r\000a\000i\000n\000e\000d\000\040\000I\000n\000s\000t\000a\000n\000c\000e}{appendix.B}% 26
\BOOKMARK [2][-]{subsection.B.4}{\376\377\000P\000r\000o\000o\000f\000\040\000o\000f\000\040\000T\000h\000e\000o\000r\000e\000m\000\040\0004\000.\0002}{appendix.B}% 27
\BOOKMARK [2][-]{subsection.B.5}{\376\377\000P\000r\000o\000o\000f\000\040\000o\000f\000\040\000T\000h\000e\000o\000r\000e\000m\000\040\0004\000.\0003}{appendix.B}% 28
\BOOKMARK [1][-]{appendix.C}{\376\377\000F\000u\000r\000t\000h\000e\000r\000\040\000D\000e\000t\000a\000i\000l\000s\000\040\000o\000n\000\040\000V\000L\000P}{}% 29
\BOOKMARK [2][-]{subsection.C.1}{\376\377\000M\000o\000d\000e\000l\000\040\000A\000r\000c\000h\000i\000t\000e\000c\000t\000u\000r\000e}{appendix.C}% 30
\BOOKMARK [2][-]{subsection.C.2}{\376\377\000T\000r\000a\000i\000n\000i\000n\000g\000\040\000a\000n\000d\000\040\000I\000n\000f\000e\000r\000e\000n\000c\000e}{appendix.C}% 31
\BOOKMARK [1][-]{appendix.D}{\376\377\000F\000u\000r\000t\000h\000e\000r\000\040\000D\000e\000t\000a\000i\000l\000s\000\040\000o\000n\000\040\000E\000x\000p\000e\000r\000i\000m\000e\000n\000t\000s}{}% 32
\BOOKMARK [2][-]{subsection.D.1}{\376\377\000O\000p\000t\000i\000m\000a\000l\000i\000t\000y\000\040\000A\000n\000a\000l\000y\000s\000i\000s}{appendix.D}% 33
\BOOKMARK [3][-]{subsubsection.D.1.1}{\376\377\000S\000y\000n\000t\000h\000e\000t\000i\000c\000\040\000E\000x\000p\000e\000r\000i\000m\000e\000n\000t\000s}{subsection.D.1}% 34
\BOOKMARK [3][-]{subsubsection.D.1.2}{\376\377\000T\000e\000x\000t\000\040\000G\000e\000n\000e\000r\000a\000t\000i\000o\000n\000\040\000E\000x\000p\000e\000r\000i\000m\000e\000n\000t\000s}{subsection.D.1}% 35
\BOOKMARK [2][-]{subsection.D.2}{\376\377\000E\000v\000a\000l\000u\000a\000t\000i\000o\000n\000\040\000o\000f\000\040\000V\000L\000P}{appendix.D}% 36
\BOOKMARK [3][-]{subsubsection.D.2.1}{\376\377\000E\000x\000p\000e\000r\000i\000m\000e\000n\000t\000\040\000S\000e\000t\000u\000p}{subsection.D.2}% 37
\BOOKMARK [3][-]{subsubsection.D.2.2}{\376\377\000A\000d\000d\000i\000t\000i\000o\000n\000a\000l\000\040\000R\000e\000s\000u\000l\000t\000s}{subsection.D.2}% 38
\BOOKMARK [3][-]{subsubsection.D.2.3}{\376\377\000C\000h\000a\000t\000\040\000T\000e\000m\000p\000l\000a\000t\000e\000\040\000f\000o\000r\000\040\000C\000o\000d\000e\000\040\000G\000e\000n\000e\000r\000a\000t\000i\000o\000n\000\040\000E\000x\000p\000e\000r\000i\000m\000e\000n\000t\000s}{subsection.D.2}% 39
